


ARM Macro Assembler    Page 1 


    1 00000000         ; 22-Jul-2020
    2 00000000         ; Written by Nathan Fittler-Willis, using ARM keil uVisi
                       on5
    3 00000000         ; Target: Tiva C - TM4C123GXL
    4 00000000         ; A Simple program that cycles through the Tiva C onboar
                       d RGB LED colours with a 1 second delay.
    5 00000000         ; 
    6 00000000         ; LED pins 
    7 00000000         ; LED_R PF1  LED_B PF2  LED_G PF3
    8 00000000         
    9 00000000         ; Procedure
   10 00000000         ; 1. Activate clock to LED GPIO ports using RCGCGPIO reg
                       isters (p340)
   11 00000000         ; 2. Set direction of pin in DIR register (p663)
   12 00000000         ; 3. Enable pin in DEN register (p682)
   13 00000000         ; 4. Toggle LED's using GPIODATA register, setting the c
                       orresponding pin to HIGH (p654) 
   14 00000000         
   15 00000000         ; Register information from datasheet
   16 00000000         ; PORT_F RCGCGPIO   Base: 0x 400F E000 Offset: 0x608 typ
                       e: RW reset: 0x 0000 0000
   17 00000000         ; PORT_F GPIODIR (APB)  Base: 0x 4002 5000 Offset: 0x400
                        type: RW reset: 0x 0000 0000
   18 00000000         ; PORT_F GPIODEN (APB)  Base: 0x 4002 5000 Offset: 0x51C
                        type: RW reset: -
   19 00000000         ; PORT_F GPIODATA(APB)  Base: 0x 4002 5000 Offset: 0x000
                        type: RW reset: 0x 0000 0000
   20 00000000         
   21 00000000         ;Symbolic register names
   22 00000000 400FE608 
                       SYSCTL_RCGCGPIO_R
                               EQU              0x400FE608  ;Clock gating contr
                                                            ol register
   23 00000000 40025400 
                       GPIO_PORTF_DIR_R
                               EQU              0x40025400  ;GPIO port f direct
                                                            ion register
   24 00000000 4002551C 
                       GPIO_PORTF_DEN_R
                               EQU              0x4002551C  ;GPIO Digital Enabl
                                                            e register
   25 00000000 400253FC 
                       GPIO_PORTF_DATA_R
                               EQU              0x400253FC  ;GPIO data register
                                                            , bit masking is us
                                                            ed -> ADDR[9:2] 
   26 00000000         ;So add 3FC to base address for conventional read, modif
                       y, write.
   27 00000000         
   28 00000000 007F2815 
                       DELAY_CONST
                               EQU              8333333     ; reload constant f
                                                            or pseudo delay fun
                                                            ction
   29 00000000         ; Currently set for ~1s delay @ 16Mhz clock speed
   30 00000000         
   31 00000000         ;Declare directives, allow other programs to access this
                        code
   32 00000000                 AREA             |.text|,CODE,READONLY,ALIGN=2



ARM Macro Assembler    Page 2 


   33 00000000                 THUMB                        ;using thumb instru
                                                            ction set
   34 00000000                 EXPORT           __main
   35 00000000         
   36 00000000         __main
   37 00000000 F000 F806       BL               GPIOF_Init  ;Initialize GPIOF p
                                                            ins for LED control
                                                            
   38 00000004         
   39 00000004         ;Infinite loop
   40 00000004         loop
   41 00000004 F000 F812       BL               state_machine
   42 00000008 4817            LDR              R0, =DELAY_CONST
   43 0000000A F000 F815       BL               pseudo_delay
   44 0000000E E7F9            B                loop
   45 00000010         
   46 00000010         ;Subroutine to initialize GPIO pins for RGB LED output
   47 00000010         GPIOF_Init
   48 00000010         ;Enable clock access to GPIO port f
   49 00000010 4916            LDR              R1, =SYSCTL_RCGCGPIO_R
   50 00000012 6808            LDR              R0, [R1]
   51 00000014 F040 0020       ORR              R0, R0, #0x20
   52 00000018 6008            STR              R0, [R1]
   53 0000001A         
   54 0000001A         ;Set port f pins 1,2,3 as output pins
   55 0000001A 4915            LDR              R1, =GPIO_PORTF_DIR_R
   56 0000001C F04F 000E       MOV              R0, #0x0E
   57 00000020 6008            STR              R0, [R1]
   58 00000022         
   59 00000022         ;Enables digital pins 1,2,3 on GPIO port f (LED pins)
   60 00000022 4914            LDR              R1, =GPIO_PORTF_DEN_R
   61 00000024 F04F 000E       MOV              R0, #0x0E
   62 00000028 6008            STR              R0, [R1]
   63 0000002A         
   64 0000002A 4770            BX               LR          ; Return to caller
   65 0000002C         
   66 0000002C         ;State machine to cycle through RGB LED colours
   67 0000002C         ;State = 0 -> Turn on Red
   68 0000002C         ;State = 1 -> Turn on Green
   69 0000002C         ;State = 2 -> Turn on Blue
   70 0000002C         state_machine
   71 0000002C 2B01            CMP              R3, #0x01
   72 0000002E D00D            BEQ              green_on
   73 00000030         
   74 00000030 2B02            CMP              R3, #0x02
   75 00000032 D012            BEQ              blue_on
   76 00000034         
   77 00000034 D103            BNE              red_on
   78 00000036         
   79 00000036 4770            BX               LR
   80 00000038         
   81 00000038         ;A delay routine that stalls the execution of code for ~
                       1s @16Mhz (confirmed with logic analyzer)
   82 00000038         pseudo_delay
   83 00000038 1E40            SUBS             R0, R0, #1  ;
   84 0000003A D1FD            BNE              pseudo_delay
   85 0000003C 4770            BX               LR
   86 0000003E         
   87 0000003E         ;Routine to turn red LED on



ARM Macro Assembler    Page 3 


   88 0000003E         red_on
   89 0000003E 490E            LDR              R1, =GPIO_PORTF_DATA_R
   90 00000040 F04F 0002       MOV              R0, #0x02   ; Value to set Bit 
                                                            1 HIGH in GPIO port
                                                             f
   91 00000044 6008            STR              R0, [R1]    ; Write to GPIO por
                                                            t f register, turni
                                                            ng on the red LED
   92 00000046 F04F 0301       MOV              R3, #0x01   ; Set state machine
                                                             state to 1
   93 0000004A 4770            BX               LR
   94 0000004C         
   95 0000004C         ;Routine to turn green LED on
   96 0000004C         green_on
   97 0000004C 490A            LDR              R1, =GPIO_PORTF_DATA_R
   98 0000004E F04F 0008       MOV              R0, #0x08   ;Value to set Bit 3
                                                             HIGH in GPIO port 
                                                            f
   99 00000052 6008            STR              R0, [R1]    ; Write to GPIO por
                                                            t f register, turni
                                                            ng on the green LED
                                                            
  100 00000054 F04F 0302       MOV              R3, #0x02   ; Set state machine
                                                             state to 2
  101 00000058 4770            BX               LR
  102 0000005A         
  103 0000005A         ;Routine to turn blue LED on
  104 0000005A         blue_on
  105 0000005A 4907            LDR              R1, =GPIO_PORTF_DATA_R
  106 0000005C F04F 0004       MOV              R0, #0x04   ; Value to set Bit 
                                                            2 HIGH in GPIO port
                                                             f 
  107 00000060 6008            STR              R0, [R1]    ; Write to GPIO por
                                                            t f register, turni
                                                            ng on the blue LED
  108 00000062 F04F 0300       MOV              R3, #0x00   ; Set state machine
                                                             state to 0
  109 00000066 4770            BX               LR
  110 00000068         
  111 00000068         
  112 00000068                 ALIGN
  113 00000068                 END
              007F2815 
              400FE608 
              40025400 
              4002551C 
              400253FC 
Command Line: --debug --xref --diag_suppress=9931 --cpu=Cortex-M4.fp.sp --apcs=
interwork --depend=.\objects\main.d -o.\objects\main.o -I.\RTE\_tm4c123 -IC:\Us
ers\nathan\AppData\Local\Arm\Packs\ARM\CMSIS\5.6.0\CMSIS\Core\Include -IC:\User
s\nathan\AppData\Local\Arm\Packs\Keil\TM4C_DFP\1.1.0\Device\Include\TM4C123 --p
redefine="__EVAL SETA 1" --predefine="__UVISION_VERSION SETA 529" --predefine="
_RTE_ SETA 1" --predefine="TM4C1230H6PM SETA 1" --list=.\listings\main.lst main
.s



ARM Macro Assembler    Page 1 Alphabetic symbol ordering
Relocatable symbols

.text 00000000

Symbol: .text
   Definitions
      At line 32 in file main.s
   Uses
      None
Comment: .text unused
GPIOF_Init 00000010

Symbol: GPIOF_Init
   Definitions
      At line 47 in file main.s
   Uses
      At line 37 in file main.s
Comment: GPIOF_Init used once
__main 00000000

Symbol: __main
   Definitions
      At line 36 in file main.s
   Uses
      At line 34 in file main.s
Comment: __main used once
blue_on 0000005A

Symbol: blue_on
   Definitions
      At line 104 in file main.s
   Uses
      At line 75 in file main.s
Comment: blue_on used once
green_on 0000004C

Symbol: green_on
   Definitions
      At line 96 in file main.s
   Uses
      At line 72 in file main.s
Comment: green_on used once
loop 00000004

Symbol: loop
   Definitions
      At line 40 in file main.s
   Uses
      At line 44 in file main.s
Comment: loop used once
pseudo_delay 00000038

Symbol: pseudo_delay
   Definitions
      At line 82 in file main.s
   Uses
      At line 43 in file main.s
      At line 84 in file main.s

red_on 0000003E




ARM Macro Assembler    Page 2 Alphabetic symbol ordering
Relocatable symbols

Symbol: red_on
   Definitions
      At line 88 in file main.s
   Uses
      At line 77 in file main.s
Comment: red_on used once
state_machine 0000002C

Symbol: state_machine
   Definitions
      At line 70 in file main.s
   Uses
      At line 41 in file main.s
Comment: state_machine used once
9 symbols



ARM Macro Assembler    Page 1 Alphabetic symbol ordering
Absolute symbols

DELAY_CONST 007F2815

Symbol: DELAY_CONST
   Definitions
      At line 28 in file main.s
   Uses
      At line 42 in file main.s
Comment: DELAY_CONST used once
GPIO_PORTF_DATA_R 400253FC

Symbol: GPIO_PORTF_DATA_R
   Definitions
      At line 25 in file main.s
   Uses
      At line 89 in file main.s
      At line 97 in file main.s
      At line 105 in file main.s

GPIO_PORTF_DEN_R 4002551C

Symbol: GPIO_PORTF_DEN_R
   Definitions
      At line 24 in file main.s
   Uses
      At line 60 in file main.s
Comment: GPIO_PORTF_DEN_R used once
GPIO_PORTF_DIR_R 40025400

Symbol: GPIO_PORTF_DIR_R
   Definitions
      At line 23 in file main.s
   Uses
      At line 55 in file main.s
Comment: GPIO_PORTF_DIR_R used once
SYSCTL_RCGCGPIO_R 400FE608

Symbol: SYSCTL_RCGCGPIO_R
   Definitions
      At line 22 in file main.s
   Uses
      At line 49 in file main.s
Comment: SYSCTL_RCGCGPIO_R used once
5 symbols
351 symbols in table
